<?xml version="1.0" encoding="UTF-8"?>
<!-- Generated by org.testng.reporters.JUnitReportReporter -->
<testsuite skipped="0" hostname="hp-PC" name="com.zoopla.qa.TestCases.UserSelectedPropertyTest" tests="1" failures="0" timestamp="01 Sep 2019 11:22:04 GMT" time="56.407" errors="0">
  <testcase name="validateAgentNameTest" time="56.407" classname="com.zoopla.qa.TestCases.UserSelectedPropertyTest"/>
</testsuite> <!-- com.zoopla.qa.TestCases.UserSelectedPropertyTest -->
